TN:
SF:src/config.ts
FNF:0
FNH:0
DA:1,5
DA:2,5
DA:4,5
DA:6,5
DA:7,5
DA:8,5
DA:13,5
DA:14,5
DA:20,5
DA:21,5
DA:26,5
DA:31,5
LF:12
LH:12
BRDA:13,0,0,5
BRDA:13,0,1,0
BRF:2
BRH:1
end_of_record
TN:
SF:src/redis.ts
FNF:0
FNH:0
DA:1,5
DA:3,5
LF:2
LH:2
BRF:0
BRH:0
end_of_record
TN:
SF:src/models/practice_item.ts
FNF:0
FNH:0
DA:1,5
DA:4,5
DA:29,5
DA:34,5
LF:4
LH:4
BRF:0
BRH:0
end_of_record
TN:
SF:src/models/user.ts
FNF:0
FNH:0
DA:1,5
DA:2,5
DA:5,5
DA:46,5
DA:48,5
DA:50,5
LF:6
LH:6
BRF:0
BRH:0
end_of_record
TN:
SF:src/modules/constants/redisPrefixes.ts
FNF:0
FNH:0
DA:1,5
DA:2,5
LF:2
LH:2
BRF:0
BRH:0
end_of_record
TN:
SF:src/modules/middleware/isAuth.ts
FN:4,(anonymous_0)
FNF:1
FNH:0
FNDA:0,(anonymous_0)
DA:4,5
DA:5,0
DA:6,0
DA:8,0
DA:9,0
DA:12,0
LF:6
LH:1
BRDA:5,0,0,0
BRDA:5,0,1,0
BRDA:8,1,0,0
BRDA:8,1,1,0
BRF:4
BRH:0
end_of_record
TN:
SF:src/modules/practiceItem/Create.ts
FN:12,(anonymous_5)
FN:14,(anonymous_6)
FN:13,(anonymous_7)
FNF:3
FNH:3
FNDA:5,(anonymous_5)
FNDA:2,(anonymous_6)
FNDA:5,(anonymous_7)
DA:1,5
DA:3,5
DA:6,5
DA:8,5
DA:9,5
DA:12,10
DA:13,5
DA:14,5
DA:18,2
DA:19,0
DA:22,2
DA:23,1
DA:26,1
DA:28,1
DA:32,1
DA:34,1
DA:36,5
LF:17
LH:16
BRDA:18,0,0,0
BRDA:18,0,1,2
BRDA:22,1,0,1
BRDA:22,1,1,1
BRF:4
BRH:3
end_of_record
TN:
SF:src/modules/practiceItem/PracticeItem.ts
FN:6,(anonymous_2)
FN:7,(anonymous_3)
FNF:2
FNH:2
FNDA:5,(anonymous_2)
FNDA:5,(anonymous_3)
DA:1,5
DA:3,5
DA:6,10
DA:7,5
DA:8,5
DA:11,5
DA:14,5
DA:17,5
DA:20,5
DA:23,5
DA:26,5
DA:27,5
LF:12
LH:12
BRF:0
BRH:0
end_of_record
TN:
SF:src/modules/practiceItem/create/CreateItemInput.ts
FN:4,(anonymous_2)
FNF:1
FNH:1
FNDA:5,(anonymous_2)
DA:1,5
DA:4,10
DA:6,5
DA:9,5
DA:12,5
DA:13,5
DA:15,5
LF:7
LH:7
BRF:0
BRH:0
end_of_record
TN:
SF:src/modules/shared/PasswordInput.ts
FN:5,(anonymous_2)
FNF:1
FNH:1
FNDA:5,(anonymous_2)
DA:1,5
DA:2,5
DA:5,10
DA:8,5
DA:9,5
LF:5
LH:5
BRF:0
BRH:0
end_of_record
TN:
SF:src/modules/user/ChangePassword.ts
FN:13,(anonymous_5)
FN:15,(anonymous_6)
FN:14,(anonymous_7)
FNF:3
FNH:2
FNDA:5,(anonymous_5)
FNDA:0,(anonymous_6)
FNDA:5,(anonymous_7)
DA:1,5
DA:2,5
DA:4,5
DA:5,5
DA:6,5
DA:7,5
DA:9,5
DA:13,10
DA:14,5
DA:15,5
DA:19,0
DA:21,0
DA:22,0
DA:25,0
DA:27,0
DA:29,0
DA:30,0
DA:33,0
DA:34,0
DA:37,0
DA:39,5
LF:21
LH:11
BRDA:21,0,0,0
BRDA:21,0,1,0
BRDA:29,1,0,0
BRDA:29,1,1,0
BRDA:33,2,0,0
BRDA:33,2,1,0
BRF:6
BRH:0
end_of_record
TN:
SF:src/modules/user/ConfirmUser.ts
FN:8,(anonymous_5)
FN:10,(anonymous_6)
FN:9,(anonymous_7)
FNF:3
FNH:3
FNDA:5,(anonymous_5)
FNDA:2,(anonymous_6)
FNDA:5,(anonymous_7)
DA:1,5
DA:3,5
DA:4,5
DA:5,5
DA:8,10
DA:9,5
DA:10,5
DA:11,2
DA:13,2
DA:14,1
DA:17,1
DA:18,1
DA:20,1
DA:22,5
LF:14
LH:14
BRDA:13,0,0,1
BRDA:13,0,1,1
BRF:2
BRH:2
end_of_record
TN:
SF:src/modules/user/ForgotPassword.ts
FN:10,(anonymous_5)
FN:12,(anonymous_6)
FN:11,(anonymous_7)
FNF:3
FNH:2
FNDA:5,(anonymous_5)
FNDA:0,(anonymous_6)
FNDA:5,(anonymous_7)
DA:1,5
DA:3,5
DA:4,5
DA:5,5
DA:6,5
DA:7,5
DA:10,10
DA:11,5
DA:12,5
DA:13,0
DA:15,0
DA:16,0
DA:19,0
DA:20,0
DA:22,0
DA:27,0
DA:29,5
LF:17
LH:10
BRDA:15,0,0,0
BRDA:15,0,1,0
BRF:2
BRH:0
end_of_record
TN:
SF:src/modules/user/Login.ts
FN:10,(anonymous_5)
FN:12,(anonymous_6)
FN:11,(anonymous_7)
FNF:3
FNH:3
FNDA:5,(anonymous_5)
FNDA:3,(anonymous_6)
FNDA:5,(anonymous_7)
DA:1,5
DA:2,5
DA:3,5
DA:6,5
DA:7,5
DA:10,10
DA:11,5
DA:12,5
DA:17,3
DA:19,3
DA:20,1
DA:23,2
DA:25,2
DA:26,1
DA:29,1
DA:30,0
DA:33,1
DA:34,0
DA:37,1
DA:39,1
DA:41,5
LF:21
LH:19
BRDA:19,0,0,1
BRDA:19,0,1,2
BRDA:25,1,0,1
BRDA:25,1,1,1
BRDA:29,2,0,0
BRDA:29,2,1,1
BRDA:33,3,0,0
BRDA:33,3,1,1
BRF:8
BRH:6
end_of_record
TN:
SF:src/modules/user/Logout.ts
FN:5,(anonymous_4)
FN:7,(anonymous_5)
FN:8,(anonymous_6)
FN:12,(anonymous_7)
FN:6,(anonymous_8)
FNF:5
FNH:2
FNDA:5,(anonymous_4)
FNDA:0,(anonymous_5)
FNDA:0,(anonymous_6)
FNDA:0,(anonymous_7)
FNDA:5,(anonymous_8)
DA:1,5
DA:5,10
DA:6,5
DA:7,5
DA:8,0
DA:9,0
DA:10,0
DA:12,0
DA:13,0
DA:14,0
DA:15,0
DA:17,0
DA:18,0
DA:22,5
LF:14
LH:5
BRDA:9,0,0,0
BRDA:9,0,1,0
BRDA:13,1,0,0
BRDA:13,1,1,0
BRF:4
BRH:0
end_of_record
TN:
SF:src/modules/user/Me.ts
FN:8,(anonymous_5)
FN:10,(anonymous_6)
FN:9,(anonymous_7)
FNF:3
FNH:3
FNDA:5,(anonymous_5)
FNDA:2,(anonymous_6)
FNDA:5,(anonymous_7)
DA:1,5
DA:2,5
DA:4,5
DA:8,10
DA:9,5
DA:10,5
DA:11,2
DA:12,0
DA:14,2
DA:15,1
DA:17,1
DA:19,5
LF:12
LH:11
BRDA:11,0,0,0
BRDA:11,0,1,2
BRDA:14,1,0,1
BRDA:14,1,1,1
BRF:4
BRH:3
end_of_record
TN:
SF:src/modules/user/Register.ts
FN:11,(anonymous_5)
FN:13,(anonymous_6)
FN:12,(anonymous_7)
FNF:3
FNH:3
FNDA:5,(anonymous_5)
FNDA:1,(anonymous_6)
FNDA:5,(anonymous_7)
DA:1,5
DA:3,5
DA:5,5
DA:6,5
DA:7,5
DA:8,5
DA:11,10
DA:12,5
DA:13,5
DA:14,1
DA:16,1
DA:18,1
DA:20,5
LF:13
LH:13
BRF:0
BRH:0
end_of_record
TN:
SF:src/modules/user/User.ts
FN:15,(anonymous_5)
FN:16,(anonymous_6)
FN:42,(anonymous_7)
FN:44,(anonymous_8)
FN:54,(anonymous_9)
FN:43,(anonymous_10)
FN:53,(anonymous_11)
FN:41,(anonymous_12)
FNF:8
FNH:5
FNDA:5,(anonymous_5)
FNDA:5,(anonymous_6)
FNDA:5,(anonymous_7)
FNDA:0,(anonymous_8)
FNDA:0,(anonymous_9)
FNDA:5,(anonymous_10)
FNDA:5,(anonymous_11)
FNDA:0,(anonymous_12)
DA:1,5
DA:10,5
DA:12,5
DA:15,10
DA:16,5
DA:17,5
DA:20,5
DA:23,5
DA:26,5
DA:29,5
DA:32,5
DA:35,5
DA:38,5
DA:39,5
DA:41,0
DA:42,10
DA:43,5
DA:44,5
DA:45,0
DA:46,0
DA:47,0
DA:49,0
DA:53,5
DA:54,5
DA:55,0
DA:57,5
LF:26
LH:20
BRDA:46,0,0,0
BRDA:46,0,1,0
BRF:2
BRH:0
end_of_record
TN:
SF:src/modules/user/changePassword/ChangePasswordInput.ts
FN:5,(anonymous_2)
FNF:1
FNH:1
FNDA:5,(anonymous_2)
DA:1,5
DA:2,5
DA:5,10
DA:7,5
DA:8,5
LF:5
LH:5
BRF:0
BRH:0
end_of_record
TN:
SF:src/modules/user/register/RegisterInput.ts
FN:8,(anonymous_2)
FNF:1
FNH:1
FNDA:5,(anonymous_2)
DA:1,5
DA:2,5
DA:3,5
DA:4,5
DA:5,5
DA:8,10
DA:10,5
DA:13,5
DA:18,5
DA:23,5
DA:24,5
DA:26,5
LF:12
LH:12
BRF:0
BRH:0
end_of_record
TN:
SF:src/modules/user/register/isEmailAlreadyExist.ts
FN:11,(anonymous_2)
FN:13,(anonymous_3)
FN:20,IsEmailAlreadyExists
FN:21,(anonymous_5)
FNF:4
FNH:4
FNDA:5,(anonymous_2)
FNDA:1,(anonymous_3)
FNDA:5,IsEmailAlreadyExists
FNDA:5,(anonymous_5)
DA:1,5
DA:8,5
DA:11,10
DA:14,1
DA:15,1
DA:16,1
DA:18,5
DA:20,5
DA:21,5
DA:22,5
LF:10
LH:10
BRDA:15,0,0,0
BRDA:15,0,1,1
BRF:2
BRH:1
end_of_record
TN:
SF:src/modules/user/register/isUsernameAlreadyExists.ts
FN:11,(anonymous_2)
FN:13,(anonymous_3)
FN:20,IsUsernameAlreadyExists
FN:21,(anonymous_5)
FNF:4
FNH:4
FNDA:5,(anonymous_2)
FNDA:1,(anonymous_3)
FNDA:5,IsUsernameAlreadyExists
FNDA:5,(anonymous_5)
DA:1,5
DA:8,5
DA:11,10
DA:14,1
DA:15,1
DA:16,1
DA:18,5
DA:20,5
DA:21,5
DA:22,5
LF:10
LH:10
BRDA:15,0,0,0
BRDA:15,0,1,1
BRF:2
BRH:1
end_of_record
TN:
SF:src/modules/utils/createConfirmationUrl.ts
FN:6,(anonymous_0)
FNF:1
FNH:1
FNDA:1,(anonymous_0)
DA:1,5
DA:3,5
DA:4,5
DA:6,5
DA:9,1
DA:10,1
DA:12,1
LF:7
LH:7
BRF:0
BRH:0
end_of_record
TN:
SF:src/modules/utils/sendEmail.ts
FN:6,sendEmail
FNF:1
FNH:1
FNDA:1,sendEmail
DA:3,5
DA:6,5
DA:9,1
DA:12,1
DA:23,1
DA:31,1
DA:35,1
LF:7
LH:7
BRF:0
BRH:0
end_of_record
TN:
SF:src/services/practice-item-service.ts
FN:5,(anonymous_1)
FN:9,(anonymous_2)
FN:13,(anonymous_3)
FNF:3
FNH:2
FNDA:0,(anonymous_1)
FNDA:5,(anonymous_2)
FNDA:1,(anonymous_3)
DA:1,5
DA:5,5
DA:6,0
DA:9,5
DA:10,5
DA:13,5
DA:16,1
DA:22,1
DA:23,1
DA:24,1
DA:27,1
DA:29,0
DA:33,5
LF:13
LH:11
BRF:0
BRH:0
end_of_record
TN:
SF:src/services/userService.ts
FN:7,(anonymous_1)
FN:11,(anonymous_2)
FN:15,(anonymous_3)
FN:35,(anonymous_4)
FN:40,(anonymous_5)
FN:44,(anonymous_6)
FN:48,(anonymous_7)
FNF:7
FNH:5
FNDA:1,(anonymous_1)
FNDA:0,(anonymous_2)
FNDA:1,(anonymous_3)
FNDA:4,(anonymous_4)
FNDA:1,(anonymous_5)
FNDA:1,(anonymous_6)
FNDA:0,(anonymous_7)
DA:1,5
DA:2,5
DA:5,5
DA:7,5
DA:8,1
DA:11,5
DA:12,0
DA:15,5
DA:16,1
DA:17,1
DA:18,1
DA:19,1
DA:27,1
DA:28,1
DA:29,1
DA:31,0
DA:35,5
DA:38,4
DA:40,5
DA:41,1
DA:44,5
DA:45,1
DA:48,5
DA:52,0
DA:55,5
LF:25
LH:22
BRF:0
BRH:0
end_of_record
TN:
SF:src/test-utils/createUser.ts
FN:7,(anonymous_1)
FNF:1
FNH:1
FNDA:10,(anonymous_1)
DA:1,4
DA:2,4
DA:4,4
DA:7,4
DA:11,10
DA:20,10
DA:22,10
LF:7
LH:7
BRDA:8,0,0,2
BRDA:9,1,0,5
BRF:2
BRH:2
end_of_record
TN:
SF:src/test-utils/gCall.ts
FN:18,(anonymous_0)
FNF:1
FNH:1
FNDA:16,(anonymous_0)
DA:3,5
DA:5,5
DA:6,5
DA:18,5
DA:23,16
DA:24,5
DA:26,16
LF:7
LH:7
BRDA:23,0,0,5
BRDA:23,0,1,11
BRF:2
BRH:2
end_of_record
TN:
SF:src/test-utils/testConn.ts
FN:12,(anonymous_1)
FNF:1
FNH:1
FNDA:5,(anonymous_1)
DA:1,5
DA:2,5
DA:4,5
DA:12,5
DA:13,5
DA:17,5
DA:18,0
DA:20,5
LF:8
LH:7
BRDA:12,0,0,5
BRDA:17,1,0,0
BRDA:17,1,1,5
BRF:3
BRH:2
end_of_record
TN:
SF:src/utils/createSchema.ts
FN:14,(anonymous_0)
FNF:1
FNH:1
FNDA:5,(anonymous_0)
DA:1,5
DA:4,5
DA:5,5
DA:6,5
DA:7,5
DA:8,5
DA:9,5
DA:10,5
DA:11,5
DA:12,5
DA:14,5
DA:15,5
LF:12
LH:12
BRF:0
BRH:0
end_of_record
TN:
SF:src/utils/typeguards.ts
FN:5,(anonymous_0)
FN:9,(anonymous_1)
FN:16,(anonymous_2)
FNF:3
FNH:3
FNDA:38,(anonymous_0)
FNDA:35,(anonymous_1)
FNDA:3,(anonymous_2)
DA:5,5
DA:6,38
DA:9,5
DA:10,35
DA:11,0
DA:13,35
DA:16,5
DA:17,3
DA:18,0
DA:20,3
LF:10
LH:8
BRDA:6,0,0,38
BRDA:6,0,1,0
BRDA:10,1,0,0
BRDA:10,1,1,35
BRDA:10,2,0,35
BRDA:10,2,1,35
BRDA:17,3,0,0
BRDA:17,3,1,3
BRDA:17,4,0,3
BRDA:17,4,1,3
BRF:10
BRH:7
end_of_record
